<?xml version="1.0" encoding="UTF-8"?>
<!-- Generated by org.testng.reporters.JUnitXMLReporter -->
<testsuite ignored="0" hostname="MSI" failures="0" tests="5" name="Default test" time="2.831" errors="0" timestamp="2022-09-22T15:20:52 IST">
  <testcase classname="tests.ProductTest" name="validateRequest" time="2.101"/>
  <testcase classname="tests.ProductTest" name="validateRequest" time="0.044"/>
  <testcase classname="tests.ProductTest" name="validateRequest" time="0.064"/>
  <testcase classname="tests.ProductTest" name="validateRequest" time="0.064"/>
  <testcase classname="tests.ProductTest" name="validateRequest" time="0.057"/>
</testsuite> <!-- Default test -->
