<?xml version="1.0" encoding="UTF-8"?>
<testng-results ignored="0" total="5" passed="5" failed="0" skipped="0">
  <reporter-output>
  </reporter-output>
  <suite started-at="2022-09-22T15:20:49 IST" name="Default suite" finished-at="2022-09-22T15:20:52 IST" duration-ms="2831">
    <groups>
    </groups>
    <test started-at="2022-09-22T15:20:49 IST" name="Default test" finished-at="2022-09-22T15:20:52 IST" duration-ms="2831">
      <class name="tests.ProductTest">
        <test-method is-config="true" signature="preSetup()[pri:0, instance:tests.ProductTest@5be067de]" started-at="2022-09-22T15:20:49 IST" name="preSetup" finished-at="2022-09-22T15:20:49 IST" duration-ms="6" status="PASS">
          <reporter-output>
          </reporter-output>
        </test-method> <!-- preSetup -->
        <test-method is-config="true" signature="setup()[pri:0, instance:tests.ProductTest@5be067de]" started-at="2022-09-22T15:20:49 IST" name="setup" finished-at="2022-09-22T15:20:50 IST" duration-ms="470" status="PASS">
          <reporter-output>
          </reporter-output>
        </test-method> <!-- setup -->
        <test-method signature="validateRequest(java.lang.String, java.lang.String, java.lang.String, java.lang.String, java.lang.String, java.lang.String, java.lang.String)[pri:0, instance:tests.ProductTest@5be067de]" started-at="2022-09-22T15:20:50 IST" name="validateRequest" data-provider="DataFromExcel" finished-at="2022-09-22T15:20:52 IST" duration-ms="2101" status="PASS">
          <params>
            <param index="0">
              <value>
                <![CDATA[GET]]>
              </value>
            </param>
            <param index="1">
              <value>
                <![CDATA[/products]]>
              </value>
            </param>
            <param index="2">
              <value>
                <![CDATA[content-type: application/json;  charset=utf-8]]>
              </value>
            </param>
            <param index="3">
              <value>
                <![CDATA[NA]]>
              </value>
            </param>
            <param index="4">
              <value>
                <![CDATA[$limit,3]]>
              </value>
            </param>
            <param index="5">
              <value>
                <![CDATA[200.0]]>
              </value>
            </param>
            <param index="6">
              <value>
                <![CDATA[data[0].name=Duracell - AAA Batteries (4-Pack),
data[1].name=Duracell - AA 1.5V CopperTop Batteries (4-Pack),
data[2].name=Duracell - AA Batteries (8-Pack)]]>
              </value>
            </param>
          </params>
          <reporter-output>
          </reporter-output>
        </test-method> <!-- validateRequest -->
        <test-method signature="validateRequest(java.lang.String, java.lang.String, java.lang.String, java.lang.String, java.lang.String, java.lang.String, java.lang.String)[pri:0, instance:tests.ProductTest@5be067de]" started-at="2022-09-22T15:20:52 IST" name="validateRequest" data-provider="DataFromExcel" finished-at="2022-09-22T15:20:52 IST" duration-ms="44" status="PASS">
          <params>
            <param index="0">
              <value>
                <![CDATA[POST]]>
              </value>
            </param>
            <param index="1">
              <value>
                <![CDATA[/products]]>
              </value>
            </param>
            <param index="2">
              <value>
                <![CDATA[content-type: application/json;  charset=utf-8]]>
              </value>
            </param>
            <param index="3">
              <value>
                <![CDATA[{
"name": "iphone",
"type": "Smart Phone",
"price": 1000,
"shipping": 10,
"upc": "string",
"description": "color white, ram 4 gb, processor A12 bionic",
"manufacturer": "Apple California",
"model": "iphone 11",
"url": "string",
"image": "string"
}]]>
              </value>
            </param>
            <param index="4">
              <value>
                <![CDATA[NA]]>
              </value>
            </param>
            <param index="5">
              <value>
                <![CDATA[201.0]]>
              </value>
            </param>
            <param index="6">
              <value>
                <![CDATA[NA]]>
              </value>
            </param>
          </params>
          <reporter-output>
          </reporter-output>
        </test-method> <!-- validateRequest -->
        <test-method signature="validateRequest(java.lang.String, java.lang.String, java.lang.String, java.lang.String, java.lang.String, java.lang.String, java.lang.String)[pri:0, instance:tests.ProductTest@5be067de]" started-at="2022-09-22T15:20:52 IST" name="validateRequest" data-provider="DataFromExcel" finished-at="2022-09-22T15:20:52 IST" duration-ms="64" status="PASS">
          <params>
            <param index="0">
              <value>
                <![CDATA[PUT]]>
              </value>
            </param>
            <param index="1">
              <value>
                <![CDATA[/products]]>
              </value>
            </param>
            <param index="2">
              <value>
                <![CDATA[content-type: application/json;  charset=utf-8]]>
              </value>
            </param>
            <param index="3">
              <value>
                <![CDATA[{
"name": "iphone",
"type": "Smart Phone",
"price": 1000,
"shipping": 10,
"upc": "string",
"description": "color white, ram 4 gb, processor A12 bionic",
"manufacturer": "Apple California",
"model": "iphone 11",
"url": "string",
"image": "string"
}]]>
              </value>
            </param>
            <param index="4">
              <value>
                <![CDATA[id]]>
              </value>
            </param>
            <param index="5">
              <value>
                <![CDATA[200.0]]>
              </value>
            </param>
            <param index="6">
              <value>
                <![CDATA[NA]]>
              </value>
            </param>
          </params>
          <reporter-output>
          </reporter-output>
        </test-method> <!-- validateRequest -->
        <test-method signature="validateRequest(java.lang.String, java.lang.String, java.lang.String, java.lang.String, java.lang.String, java.lang.String, java.lang.String)[pri:0, instance:tests.ProductTest@5be067de]" started-at="2022-09-22T15:20:52 IST" name="validateRequest" data-provider="DataFromExcel" finished-at="2022-09-22T15:20:52 IST" duration-ms="64" status="PASS">
          <params>
            <param index="0">
              <value>
                <![CDATA[PATCH]]>
              </value>
            </param>
            <param index="1">
              <value>
                <![CDATA[/products]]>
              </value>
            </param>
            <param index="2">
              <value>
                <![CDATA[content-type: application/json;  charset=utf-8]]>
              </value>
            </param>
            <param index="3">
              <value>
                <![CDATA[{ "name": "iphone",
"type": "Smart Phone", 
"price": 1500,
"shipping": 15, 
"upc": "string", 
"description": "color green, ram 8 gb, processor A15 bionic", 
"manufacturer": "Apple California", 
"model": "iphone 13", 
"url": "string", 
"image": "string" 
}]]>
              </value>
            </param>
            <param index="4">
              <value>
                <![CDATA[id]]>
              </value>
            </param>
            <param index="5">
              <value>
                <![CDATA[200.0]]>
              </value>
            </param>
            <param index="6">
              <value>
                <![CDATA[NA]]>
              </value>
            </param>
          </params>
          <reporter-output>
          </reporter-output>
        </test-method> <!-- validateRequest -->
        <test-method signature="validateRequest(java.lang.String, java.lang.String, java.lang.String, java.lang.String, java.lang.String, java.lang.String, java.lang.String)[pri:0, instance:tests.ProductTest@5be067de]" started-at="2022-09-22T15:20:52 IST" name="validateRequest" data-provider="DataFromExcel" finished-at="2022-09-22T15:20:52 IST" duration-ms="57" status="PASS">
          <params>
            <param index="0">
              <value>
                <![CDATA[DELETE]]>
              </value>
            </param>
            <param index="1">
              <value>
                <![CDATA[/products]]>
              </value>
            </param>
            <param index="2">
              <value>
                <![CDATA[content-type:application/json; charset=utf-8,Connection: keep-alive]]>
              </value>
            </param>
            <param index="3">
              <value>
                <![CDATA[{
"name": "iphone",
"type": "Start Phone",
"price": 1000,
"shipping": 10,
"upc": "string",
"description": "color white, ram 4 gb, processor A12 bionic",
"manufacturer": "Apple California",
"model": "iphone 11",
"url": "string",
"image": "string"
}]]>
              </value>
            </param>
            <param index="4">
              <value>
                <![CDATA[id]]>
              </value>
            </param>
            <param index="5">
              <value>
                <![CDATA[200.0]]>
              </value>
            </param>
            <param index="6">
              <value>
                <![CDATA[NA]]>
              </value>
            </param>
          </params>
          <reporter-output>
          </reporter-output>
        </test-method> <!-- validateRequest -->
      </class> <!-- tests.ProductTest -->
    </test> <!-- Default test -->
  </suite> <!-- Default suite -->
</testng-results>
